2020-08-01 14:34:13,222 ERROR 19912 [-/::1/-/5ms GET /] nodejs.Error: Please set config.keys first
    at Application.get keys [as keys] (F:\learn\202007\egg-example\node_modules\egg\lib\application.js:266:15)
    at Object.get cookies [as cookies] (F:\learn\202007\egg-example\node_modules\egg\app\extend\context.js:22:66)
    at Object.get [egg-security#CSRF_SECRET] (F:\learn\202007\egg-example\node_modules\egg-security\app\extend\context.js:91:35)
    at Object.ensureCsrfSecret (F:\learn\202007\egg-example\node_modules\egg-security\app\extend\context.js:104:13)
    at csrf (F:\learn\202007\egg-example\node_modules\egg-security\lib\middlewares\csrf.js:15:11)
    at dispatch (F:\learn\202007\egg-example\node_modules\koa-compose\index.js:42:32)
    at F:\learn\202007\egg-example\node_modules\koa-compose\index.js:34:12
    at dispatch (F:\learn\202007\egg-example\node_modules\koa-compose\index.js:42:32)
    at session (F:\learn\202007\egg-example\node_modules\koa-session\index.js:41:13)
    at dispatch (F:\learn\202007\egg-example\node_modules\koa-compose\index.js:42:32)

pid: 19912
hostname: DESKTOP-130PVM6

2020-08-01 14:42:52,187 ERROR 15412 [-/::1/-/5ms GET /] nodejs.TypeError: ctx.logger.log is not a function
    at F:\learn\202007\egg-example\app\middleware\report.js:9:16
    at processTicksAndRejections (internal/process/task_queues.js:97:5)

pid: 15412
hostname: DESKTOP-130PVM6

2020-08-01 17:03:05,160 ERROR 10152 [-/::1/-/4ms GET /] nodejs.ReferenceError: ctx is not defined
    at HomeController.index (F:\learn\202007\egg-example\app\controller\home.js:8:17)
    at Object.callFn (F:\learn\202007\egg-example\node_modules\egg-core\lib\utils\index.js:44:21)
    at Object.classControllerMiddleware (F:\learn\202007\egg-example\node_modules\egg-core\lib\loader\mixin\controller.js:87:20)
    at Object.callFn (F:\learn\202007\egg-example\node_modules\@eggjs\router\lib\utils.js:12:21)
    at wrappedController (F:\learn\202007\egg-example\node_modules\@eggjs\router\lib\egg_router.js:322:18)
    at dispatch (F:\learn\202007\egg-example\node_modules\@eggjs\router\node_modules\koa-compose\index.js:44:32)
    at next (F:\learn\202007\egg-example\node_modules\@eggjs\router\node_modules\koa-compose\index.js:45:18)
    at F:\learn\202007\egg-example\node_modules\@eggjs\router\lib\router.js:190:18
    at dispatch (F:\learn\202007\egg-example\node_modules\@eggjs\router\node_modules\koa-compose\index.js:44:32)
    at F:\learn\202007\egg-example\node_modules\@eggjs\router\node_modules\koa-compose\index.js:36:12

pid: 10152
hostname: DESKTOP-130PVM6

2020-08-01 17:03:12,081 ERROR 10152 [-/::1/-/1ms GET /?id=1&id=2&id=3] nodejs.ReferenceError: ctx is not defined
    at HomeController.index (F:\learn\202007\egg-example\app\controller\home.js:8:17)
    at Object.callFn (F:\learn\202007\egg-example\node_modules\egg-core\lib\utils\index.js:44:21)
    at Object.classControllerMiddleware (F:\learn\202007\egg-example\node_modules\egg-core\lib\loader\mixin\controller.js:87:20)
    at Object.callFn (F:\learn\202007\egg-example\node_modules\@eggjs\router\lib\utils.js:12:21)
    at wrappedController (F:\learn\202007\egg-example\node_modules\@eggjs\router\lib\egg_router.js:322:18)
    at dispatch (F:\learn\202007\egg-example\node_modules\@eggjs\router\node_modules\koa-compose\index.js:44:32)
    at next (F:\learn\202007\egg-example\node_modules\@eggjs\router\node_modules\koa-compose\index.js:45:18)
    at F:\learn\202007\egg-example\node_modules\@eggjs\router\lib\router.js:190:18
    at dispatch (F:\learn\202007\egg-example\node_modules\@eggjs\router\node_modules\koa-compose\index.js:44:32)
    at F:\learn\202007\egg-example\node_modules\@eggjs\router\node_modules\koa-compose\index.js:36:12

pid: 10152
hostname: DESKTOP-130PVM6

2020-08-01 17:03:26,927 ERROR 10152 [-/::1/-/1ms GET /?id=1&id=2&id=3] nodejs.ReferenceError: ctx is not defined
    at HomeController.index (F:\learn\202007\egg-example\app\controller\home.js:8:17)
    at Object.callFn (F:\learn\202007\egg-example\node_modules\egg-core\lib\utils\index.js:44:21)
    at Object.classControllerMiddleware (F:\learn\202007\egg-example\node_modules\egg-core\lib\loader\mixin\controller.js:87:20)
    at Object.callFn (F:\learn\202007\egg-example\node_modules\@eggjs\router\lib\utils.js:12:21)
    at wrappedController (F:\learn\202007\egg-example\node_modules\@eggjs\router\lib\egg_router.js:322:18)
    at dispatch (F:\learn\202007\egg-example\node_modules\@eggjs\router\node_modules\koa-compose\index.js:44:32)
    at next (F:\learn\202007\egg-example\node_modules\@eggjs\router\node_modules\koa-compose\index.js:45:18)
    at F:\learn\202007\egg-example\node_modules\@eggjs\router\lib\router.js:190:18
    at dispatch (F:\learn\202007\egg-example\node_modules\@eggjs\router\node_modules\koa-compose\index.js:44:32)
    at F:\learn\202007\egg-example\node_modules\@eggjs\router\node_modules\koa-compose\index.js:36:12

pid: 10152
hostname: DESKTOP-130PVM6

2020-08-01 17:03:33,403 ERROR 10152 [-/::1/-/2ms GET /?id=1&id=2&id=3] nodejs.ReferenceError: ctx is not defined
    at HomeController.index (F:\learn\202007\egg-example\app\controller\home.js:8:17)
    at Object.callFn (F:\learn\202007\egg-example\node_modules\egg-core\lib\utils\index.js:44:21)
    at Object.classControllerMiddleware (F:\learn\202007\egg-example\node_modules\egg-core\lib\loader\mixin\controller.js:87:20)
    at Object.callFn (F:\learn\202007\egg-example\node_modules\@eggjs\router\lib\utils.js:12:21)
    at wrappedController (F:\learn\202007\egg-example\node_modules\@eggjs\router\lib\egg_router.js:322:18)
    at dispatch (F:\learn\202007\egg-example\node_modules\@eggjs\router\node_modules\koa-compose\index.js:44:32)
    at next (F:\learn\202007\egg-example\node_modules\@eggjs\router\node_modules\koa-compose\index.js:45:18)
    at F:\learn\202007\egg-example\node_modules\@eggjs\router\lib\router.js:190:18
    at dispatch (F:\learn\202007\egg-example\node_modules\@eggjs\router\node_modules\koa-compose\index.js:44:32)
    at F:\learn\202007\egg-example\node_modules\@eggjs\router\node_modules\koa-compose\index.js:36:12

pid: 10152
hostname: DESKTOP-130PVM6

